Using pre-set license

 COMMAND LINE ARGUMENTS:
/Applications/Unity/Hub/Editor/2020.3.13f1/Unity.app/Contents/MacOS/Unity
-adb2
-batchMode
-noUpm
-name
AssetImportWorker0
-projectPath
/Users/cjm470/Unity Projects/RPG_Project
-logFile
Logs/AssetImportWorker0.log
-srvPort
55067
Successfully changed project path to: /Users/cjm470/Unity Projects/RPG_Project
/Users/cjm470/Unity Projects/RPG_Project
Using Asset Import Pipeline V2.
Refreshing native plugins compatible for Editor in 156.57 ms, found 3 plugins.
Preloading 0 native plugins for Editor in 0.00 ms.
Initialize engine version: 2020.3.13f1 (71691879b7f5)
[Subsystems] Discovering subsystems at path /Applications/Unity/Hub/Editor/2020.3.13f1/Unity.app/Contents/Resources/UnitySubsystems
[Subsystems] Discovering subsystems at path /Users/cjm470/Unity Projects/RPG_Project/Assets
GfxDevice: creating device client; threaded=0
2021-07-11 17:01:28.976 Unity[7056:141873] Color LCD preferred device: Intel Iris Graphics (low power)
2021-07-11 17:01:28.976 Unity[7056:141873] Metal devices available: 1
2021-07-11 17:01:28.977 Unity[7056:141873] 0: Intel Iris Graphics (low power)
2021-07-11 17:01:28.978 Unity[7056:141873] Using device Intel Iris Graphics (low power)
Initializing Metal device caps: Intel Iris Graphics
Initialize mono
Mono path[0] = '/Applications/Unity/Hub/Editor/2020.3.13f1/Unity.app/Contents/Managed'
Mono path[1] = '/Applications/Unity/Hub/Editor/2020.3.13f1/Unity.app/Contents/MonoBleedingEdge/lib/mono/unityjit'
Mono config path = '/Applications/Unity/Hub/Editor/2020.3.13f1/Unity.app/Contents/MonoBleedingEdge/etc'
Using monoOptions --debugger-agent=transport=dt_socket,embedding=1,server=y,suspend=n,address=127.0.0.1:56056
Begin MonoManager ReloadAssembly
Registering precompiled unity dll's ...
Register platform support module: /Applications/Unity/Hub/Editor/2020.3.13f1/PlaybackEngines/WebGLSupport/UnityEditor.WebGL.Extensions.dll
Register platform support module: /Applications/Unity/Hub/Editor/2020.3.13f1/Unity.app/Contents/PlaybackEngines/MacStandaloneSupport/UnityEditor.OSXStandalone.Extensions.dll
Registered in 0.003693 seconds.
Native extension for OSXStandalone target not found
Native extension for WebGL target not found
Refreshing native plugins compatible for Editor in 116.15 ms, found 3 plugins.
Preloading 0 native plugins for Editor in 0.00 ms.
Mono: successfully reloaded assembly
- Completed reload, in  5.610 seconds
Platform modules already initialized, skipping
Registering precompiled user dll's ...
Registered in 0.010579 seconds.
Begin MonoManager ReloadAssembly
Native extension for OSXStandalone target not found
Native extension for WebGL target not found
Refreshing native plugins compatible for Editor in 79.95 ms, found 3 plugins.
Preloading 0 native plugins for Editor in 0.00 ms.
Mono: successfully reloaded assembly
- Completed reload, in  3.612 seconds
Platform modules already initialized, skipping
========================================================================
Worker process is ready to serve import requests
Launching external process: /Applications/Unity/Hub/Editor/2020.3.13f1/Unity.app/Contents/Tools/UnityShaderCompiler
Launched and connected shader compiler UnityShaderCompiler after 0.05 seconds
Refreshing native plugins compatible for Editor in 1.39 ms, found 3 plugins.
Preloading 0 native plugins for Editor in 0.00 ms.
Unloading 2084 Unused Serialized files (Serialized files now loaded: 0)
System memory in use before: 168.7 MB.
System memory in use after: 168.6 MB.

Unloading 33 unused Assets to reduce memory usage. Loaded Objects now: 2517.
Total: 3.692790 ms (FindLiveObjects: 0.362216 ms CreateObjectMapping: 0.104968 ms MarkObjects: 3.023527 ms  DeleteObjects: 0.200540 ms)

AssetImportParameters requested are different than current active one (requested -> active):
  custom:video-decoder-ogg-theora: a1e56fd34408186e4bbccfd4996cb3dc -> 
  custom:container-muxer-webm: aa71ff27fc2769a1b78a27578f13a17b -> 
  custom:container-demuxer-webm: 4f35f7cbe854078d1ac9338744f61a02 -> 
  custom:container-demuxer-ogg: 62fdf1f143b41e24485cea50d1cbac27 -> 
  custom:video-encoder-webm-vp8: eb34c28f22e8b96e1ab97ce403110664 -> 
  custom:framework-osx-AVFoundation: e770b220cccbd017edd2c1fefb359320 -> 
  custom:video-decoder-webm-vp8: 9c59270c3fd7afecdb556c50c9e8de78 -> 
  custom:audio-decoder-ogg-vorbis: bf7c407c2cedff20999df2af8eb42d56 -> 
  custom:audio-encoder-webm-vorbis: bf7c407c2cedff20999df2af8eb42d56 -> 
========================================================================
Received Import Request.
  path: Assets/Scripts
  artifactKey: Guid(2dbbbecb30304406b9bef759fdf4fae0) Importer(815301076,1909f56bfc062723c751e8b465ee728b)
Start importing Assets/Scripts using Guid(2dbbbecb30304406b9bef759fdf4fae0) Importer(815301076,1909f56bfc062723c751e8b465ee728b)  -> (artifact id: 'f9b5912ed1fe302419de35fef3f8de1c') in 0.013969 seconds 
  Import took 0.021869 seconds .

========================================================================
Received Import Request.
  Time since last request: 13.266853 seconds.
  path: Assets/Art
  artifactKey: Guid(a870fce1eb2884c8fb3bd564ffcd479f) Importer(815301076,1909f56bfc062723c751e8b465ee728b)
Start importing Assets/Art using Guid(a870fce1eb2884c8fb3bd564ffcd479f) Importer(815301076,1909f56bfc062723c751e8b465ee728b)  -> (artifact id: '4b5ac08976ef95491c57584f7c94032f') in 0.011640 seconds 
  Import took 0.046833 seconds .

========================================================================
Received Import Request.
  Time since last request: 8.655528 seconds.
  path: Assets/Audio
  artifactKey: Guid(1e671f352a6a447bf87944ac00a2a773) Importer(815301076,1909f56bfc062723c751e8b465ee728b)
Start importing Assets/Audio using Guid(1e671f352a6a447bf87944ac00a2a773) Importer(815301076,1909f56bfc062723c751e8b465ee728b)  -> (artifact id: '0e4277670f5754a3269c36331dd509a7') in 0.004960 seconds 
  Import took 0.024062 seconds .

========================================================================
Received Import Request.
  Time since last request: 211.412906 seconds.
  path: Assets/Art/roguelikeSheet_transparent.png
  artifactKey: Guid(3e94eb35c58ef4950b7cd88f200f5848) Importer(815301076,1909f56bfc062723c751e8b465ee728b)
Start importing Assets/Art/roguelikeSheet_transparent.png using Guid(3e94eb35c58ef4950b7cd88f200f5848) Importer(815301076,1909f56bfc062723c751e8b465ee728b)  -> (artifact id: '9c054d673d9771fdb27112f16564832a') in 5.856609 seconds 
  Import took 5.914334 seconds .

========================================================================
Received Import Request.
  Time since last request: 15.989767 seconds.
  path: Assets/Art/GamesPlusJames_RPG-Character.png
  artifactKey: Guid(bd049a78a666f4bc4894d155c1d11df6) Importer(815301076,1909f56bfc062723c751e8b465ee728b)
Start importing Assets/Art/GamesPlusJames_RPG-Character.png using Guid(bd049a78a666f4bc4894d155c1d11df6) Importer(815301076,1909f56bfc062723c751e8b465ee728b)  -> (artifact id: '3e88a6bff28f54e159b3112ddb2b2a09') in 0.048170 seconds 
  Import took 0.070609 seconds .

========================================================================
Received Import Request.
  Time since last request: 0.027346 seconds.
  path: Assets/Art/GamesPlusJames_RPG-Character.png
  artifactKey: Guid(bd049a78a666f4bc4894d155c1d11df6) Importer(815301076,1909f56bfc062723c751e8b465ee728b)
Start importing Assets/Art/GamesPlusJames_RPG-Character.png using Guid(bd049a78a666f4bc4894d155c1d11df6) Importer(815301076,1909f56bfc062723c751e8b465ee728b)  -> (artifact id: '3e88a6bff28f54e159b3112ddb2b2a09') in 0.015175 seconds 
  Import took 0.024730 seconds .

========================================================================
Received Import Request.
  Time since last request: 112.631968 seconds.
  path: Assets/Art/GamesPlusJames_RPG-Character.png
  artifactKey: Guid(bd049a78a666f4bc4894d155c1d11df6) Importer(815301076,1909f56bfc062723c751e8b465ee728b)
Start importing Assets/Art/GamesPlusJames_RPG-Character.png using Guid(bd049a78a666f4bc4894d155c1d11df6) Importer(815301076,1909f56bfc062723c751e8b465ee728b)  -> (artifact id: 'f19a04d854cdcca7e57e8cbc8b2c10a8') in 0.068058 seconds 
  Import took 0.131662 seconds .

========================================================================
Received Import Request.
  Time since last request: 218.401903 seconds.
  path: Assets/Art/roguelikeSheet_transparent.png
  artifactKey: Guid(3e94eb35c58ef4950b7cd88f200f5848) Importer(815301076,1909f56bfc062723c751e8b465ee728b)
Start importing Assets/Art/roguelikeSheet_transparent.png using Guid(3e94eb35c58ef4950b7cd88f200f5848) Importer(815301076,1909f56bfc062723c751e8b465ee728b)  -> (artifact id: '933825750bd620bfa496dd55eab1d12a') in 0.211253 seconds 
  Import took 0.274494 seconds .

========================================================================
Received Import Request.
  Time since last request: 260.811961 seconds.
  path: Assets/Art/roguelikeSheet_transparent.png
  artifactKey: Guid(3e94eb35c58ef4950b7cd88f200f5848) Importer(815301076,1909f56bfc062723c751e8b465ee728b)
Start importing Assets/Art/roguelikeSheet_transparent.png using Guid(3e94eb35c58ef4950b7cd88f200f5848) Importer(815301076,1909f56bfc062723c751e8b465ee728b)  -> (artifact id: '9da2e976d9b90331610887407976073b') in 0.241319 seconds 
  Import took 0.569637 seconds .

========================================================================
Received Import Request.
  Time since last request: 137.659719 seconds.
  path: Assets/Art/GamesPlusJames_RPG-Character.png
  artifactKey: Guid(bd049a78a666f4bc4894d155c1d11df6) Importer(815301076,1909f56bfc062723c751e8b465ee728b)
Start importing Assets/Art/GamesPlusJames_RPG-Character.png using Guid(bd049a78a666f4bc4894d155c1d11df6) Importer(815301076,1909f56bfc062723c751e8b465ee728b)  -> (artifact id: 'd14f415d82b524ffc82f1f28f4bc9e7b') in 0.206143 seconds 
  Import took 0.259527 seconds .

========================================================================
Received Import Request.
  Time since last request: 82.147635 seconds.
  path: Assets/Art/GamesPlusJames_RPG-Character.png
  artifactKey: Guid(bd049a78a666f4bc4894d155c1d11df6) Importer(815301076,1909f56bfc062723c751e8b465ee728b)
Start importing Assets/Art/GamesPlusJames_RPG-Character.png using Guid(bd049a78a666f4bc4894d155c1d11df6) Importer(815301076,1909f56bfc062723c751e8b465ee728b)  -> (artifact id: '4dac3b77a07b4ce5c8bb6df61db34772') in 0.459306 seconds 
  Import took 0.669230 seconds .

========================================================================
Received Import Request.
  Time since last request: 0.002383 seconds.
  path: Assets/Art/GamesPlusJames_RPG-Character.png
  artifactKey: Guid(bd049a78a666f4bc4894d155c1d11df6) Importer(815301076,1909f56bfc062723c751e8b465ee728b)
Start importing Assets/Art/GamesPlusJames_RPG-Character.png using Guid(bd049a78a666f4bc4894d155c1d11df6) Importer(815301076,1909f56bfc062723c751e8b465ee728b)  -> (artifact id: '4dac3b77a07b4ce5c8bb6df61db34772') in 0.075405 seconds 
  Import took 0.086746 seconds .

========================================================================
Received Import Request.
  Time since last request: 15.083100 seconds.
  path: Assets/Art/roguelikeSheet_transparent.png
  artifactKey: Guid(3e94eb35c58ef4950b7cd88f200f5848) Importer(815301076,1909f56bfc062723c751e8b465ee728b)
Start importing Assets/Art/roguelikeSheet_transparent.png using Guid(3e94eb35c58ef4950b7cd88f200f5848) Importer(815301076,1909f56bfc062723c751e8b465ee728b)  -> (artifact id: 'd90511d336ba448f9edf27ab8b88093d') in 0.069454 seconds 
  Import took 0.099949 seconds .

========================================================================
Received Import Request.
  Time since last request: 0.057776 seconds.
  path: Assets/Art/roguelikeSheet_transparent.png
  artifactKey: Guid(3e94eb35c58ef4950b7cd88f200f5848) Importer(815301076,1909f56bfc062723c751e8b465ee728b)
Start importing Assets/Art/roguelikeSheet_transparent.png using Guid(3e94eb35c58ef4950b7cd88f200f5848) Importer(815301076,1909f56bfc062723c751e8b465ee728b)  -> (artifact id: 'd90511d336ba448f9edf27ab8b88093d') in 0.022599 seconds 
  Import took 0.037798 seconds .

========================================================================
Received Import Request.
  Time since last request: 30.552471 seconds.
  path: Assets/Art/roguelikeSheet_transparent.png
  artifactKey: Guid(3e94eb35c58ef4950b7cd88f200f5848) Importer(815301076,1909f56bfc062723c751e8b465ee728b)
Start importing Assets/Art/roguelikeSheet_transparent.png using Guid(3e94eb35c58ef4950b7cd88f200f5848) Importer(815301076,1909f56bfc062723c751e8b465ee728b)  -> (artifact id: 'c3dacda06dd09866e592952f4bf39ba5') in 0.115538 seconds 
  Import took 0.338716 seconds .

========================================================================
Received Import Request.
  Time since last request: 92.242963 seconds.
  path: Assets/Art/GamesPlusJames_RPG-Character.png
  artifactKey: Guid(bd049a78a666f4bc4894d155c1d11df6) Importer(815301076,1909f56bfc062723c751e8b465ee728b)
Start importing Assets/Art/GamesPlusJames_RPG-Character.png using Guid(bd049a78a666f4bc4894d155c1d11df6) Importer(815301076,1909f56bfc062723c751e8b465ee728b)  -> (artifact id: '17632f058ef7c2aa0db6bcfd179f3e81') in 0.167640 seconds 
  Import took 0.374899 seconds .

========================================================================
Received Import Request.
  Time since last request: 11.584370 seconds.
  path: Assets/Art/roguelikeSheet_transparent.png
  artifactKey: Guid(3e94eb35c58ef4950b7cd88f200f5848) Importer(815301076,1909f56bfc062723c751e8b465ee728b)
Start importing Assets/Art/roguelikeSheet_transparent.png using Guid(3e94eb35c58ef4950b7cd88f200f5848) Importer(815301076,1909f56bfc062723c751e8b465ee728b)  -> (artifact id: '35b2f462ee65af549b2296830fe83e0d') in 0.056092 seconds 
  Import took 0.081372 seconds .

========================================================================
Received Import Request.
  Time since last request: 0.052777 seconds.
  path: Assets/Art/roguelikeSheet_transparent.png
  artifactKey: Guid(3e94eb35c58ef4950b7cd88f200f5848) Importer(815301076,1909f56bfc062723c751e8b465ee728b)
Start importing Assets/Art/roguelikeSheet_transparent.png using Guid(3e94eb35c58ef4950b7cd88f200f5848) Importer(815301076,1909f56bfc062723c751e8b465ee728b)  -> (artifact id: '35b2f462ee65af549b2296830fe83e0d') in 0.023563 seconds 
  Import took 0.084965 seconds .

========================================================================
Received Import Request.
  Time since last request: 3.961198 seconds.
  path: Assets/Art/roguelikeSheet_transparent.png
  artifactKey: Guid(3e94eb35c58ef4950b7cd88f200f5848) Importer(815301076,1909f56bfc062723c751e8b465ee728b)
Start importing Assets/Art/roguelikeSheet_transparent.png using Guid(3e94eb35c58ef4950b7cd88f200f5848) Importer(815301076,1909f56bfc062723c751e8b465ee728b)  -> (artifact id: '1252b97d7c465490fdcf59c50249d34d') in 0.024771 seconds 
  Import took 0.056760 seconds .

========================================================================
Received Import Request.
  Time since last request: 0.087132 seconds.
  path: Assets/Art/roguelikeSheet_transparent.png
  artifactKey: Guid(3e94eb35c58ef4950b7cd88f200f5848) Importer(815301076,1909f56bfc062723c751e8b465ee728b)
Start importing Assets/Art/roguelikeSheet_transparent.png using Guid(3e94eb35c58ef4950b7cd88f200f5848) Importer(815301076,1909f56bfc062723c751e8b465ee728b)  -> (artifact id: '1252b97d7c465490fdcf59c50249d34d') in 0.028104 seconds 
  Import took 0.036623 seconds .

========================================================================
Received Import Request.
  Time since last request: 23.819245 seconds.
  path: Assets/Art/roguelikeSheet_transparent.png
  artifactKey: Guid(3e94eb35c58ef4950b7cd88f200f5848) Importer(815301076,1909f56bfc062723c751e8b465ee728b)
Start importing Assets/Art/roguelikeSheet_transparent.png using Guid(3e94eb35c58ef4950b7cd88f200f5848) Importer(815301076,1909f56bfc062723c751e8b465ee728b)  -> (artifact id: '5b6b27d683286a2879a1e8e04e676984') in 0.015418 seconds 
  Import took 0.038201 seconds .

========================================================================
Received Import Request.
  Time since last request: 0.065170 seconds.
  path: Assets/Art/roguelikeSheet_transparent.png
  artifactKey: Guid(3e94eb35c58ef4950b7cd88f200f5848) Importer(815301076,1909f56bfc062723c751e8b465ee728b)
Start importing Assets/Art/roguelikeSheet_transparent.png using Guid(3e94eb35c58ef4950b7cd88f200f5848) Importer(815301076,1909f56bfc062723c751e8b465ee728b)  -> (artifact id: '5b6b27d683286a2879a1e8e04e676984') in 0.059667 seconds 
  Import took 0.091620 seconds .

========================================================================
Received Import Request.
  Time since last request: 8.782106 seconds.
  path: Assets/Art/roguelikeSheet_transparent.png
  artifactKey: Guid(3e94eb35c58ef4950b7cd88f200f5848) Importer(815301076,1909f56bfc062723c751e8b465ee728b)
Start importing Assets/Art/roguelikeSheet_transparent.png using Guid(3e94eb35c58ef4950b7cd88f200f5848) Importer(815301076,1909f56bfc062723c751e8b465ee728b)  -> (artifact id: '4992694a0f444e73de72569450e9ffeb') in 0.148681 seconds 
  Import took 0.169997 seconds .

========================================================================
Received Import Request.
  Time since last request: 6.922991 seconds.
  path: Assets/Art/roguelikeSheet_transparent.png
  artifactKey: Guid(3e94eb35c58ef4950b7cd88f200f5848) Importer(815301076,1909f56bfc062723c751e8b465ee728b)
Start importing Assets/Art/roguelikeSheet_transparent.png using Guid(3e94eb35c58ef4950b7cd88f200f5848) Importer(815301076,1909f56bfc062723c751e8b465ee728b)  -> (artifact id: '40d7c78b5ae794bdd09dad3c7b382719') in 0.153600 seconds 
  Import took 0.173486 seconds .

========================================================================
Received Import Request.
  Time since last request: 3.412571 seconds.
  path: Assets/Art/roguelikeSheet_transparent.png
  artifactKey: Guid(3e94eb35c58ef4950b7cd88f200f5848) Importer(815301076,1909f56bfc062723c751e8b465ee728b)
Start importing Assets/Art/roguelikeSheet_transparent.png using Guid(3e94eb35c58ef4950b7cd88f200f5848) Importer(815301076,1909f56bfc062723c751e8b465ee728b)  -> (artifact id: '4f9f32e11322e6a0fd4a90a5c6308126') in 0.072806 seconds 
  Import took 0.093533 seconds .

========================================================================
Received Import Request.
  Time since last request: 0.021585 seconds.
  path: Assets/Art/roguelikeSheet_transparent.png
  artifactKey: Guid(3e94eb35c58ef4950b7cd88f200f5848) Importer(815301076,1909f56bfc062723c751e8b465ee728b)
Start importing Assets/Art/roguelikeSheet_transparent.png using Guid(3e94eb35c58ef4950b7cd88f200f5848) Importer(815301076,1909f56bfc062723c751e8b465ee728b)  -> (artifact id: '4f9f32e11322e6a0fd4a90a5c6308126') in 0.024191 seconds 
  Import took 0.040404 seconds .

========================================================================
Received Import Request.
  Time since last request: 498.071566 seconds.
  path: Assets/Art/GamesPlusJames_RPG-Character.png
  artifactKey: Guid(bd049a78a666f4bc4894d155c1d11df6) Importer(815301076,1909f56bfc062723c751e8b465ee728b)
Start importing Assets/Art/GamesPlusJames_RPG-Character.png using Guid(bd049a78a666f4bc4894d155c1d11df6) Importer(815301076,1909f56bfc062723c751e8b465ee728b)  -> (artifact id: '474497c5da526f2574092cff6957bcd8') in 0.257272 seconds 
  Import took 0.356374 seconds .

========================================================================
Received Import Request.
  Time since last request: 77.132075 seconds.
  path: Assets/Art/GamesPlusJames_RPG-Character.png
  artifactKey: Guid(bd049a78a666f4bc4894d155c1d11df6) Importer(815301076,1909f56bfc062723c751e8b465ee728b)
Start importing Assets/Art/GamesPlusJames_RPG-Character.png using Guid(bd049a78a666f4bc4894d155c1d11df6) Importer(815301076,1909f56bfc062723c751e8b465ee728b)  -> (artifact id: 'deed73a0ac18990f756cdcae10feead1') in 0.647297 seconds 
  Import took 0.728157 seconds .

========================================================================
Received Import Request.
  Time since last request: 0.772361 seconds.
  path: Assets/Art/GamesPlusJames_RPG-Character.png
  artifactKey: Guid(bd049a78a666f4bc4894d155c1d11df6) Importer(815301076,1909f56bfc062723c751e8b465ee728b)
Start importing Assets/Art/GamesPlusJames_RPG-Character.png using Guid(bd049a78a666f4bc4894d155c1d11df6) Importer(815301076,1909f56bfc062723c751e8b465ee728b)  -> (artifact id: 'deed73a0ac18990f756cdcae10feead1') in 0.425317 seconds 
  Import took 0.437707 seconds .

========================================================================
Received Import Request.
  Time since last request: 589.138864 seconds.
  path: Assets/Art/roguelikeSheet_transparent.png
  artifactKey: Guid(3e94eb35c58ef4950b7cd88f200f5848) Importer(815301076,1909f56bfc062723c751e8b465ee728b)
Start importing Assets/Art/roguelikeSheet_transparent.png using Guid(3e94eb35c58ef4950b7cd88f200f5848) Importer(815301076,1909f56bfc062723c751e8b465ee728b)  -> (artifact id: '3f71d8507787f70853c48483e90c07be') in 0.087419 seconds 
  Import took 0.195288 seconds .

========================================================================
Received Import Request.
  Time since last request: 161.534323 seconds.
  path: Assets/Art/roguelikeSheet_transparent.png
  artifactKey: Guid(3e94eb35c58ef4950b7cd88f200f5848) Importer(815301076,1909f56bfc062723c751e8b465ee728b)
Start importing Assets/Art/roguelikeSheet_transparent.png using Guid(3e94eb35c58ef4950b7cd88f200f5848) Importer(815301076,1909f56bfc062723c751e8b465ee728b)  -> (artifact id: 'dfb7266bb7780deade90d1453a7cb369') in 6.462758 seconds 
  Import took 6.578457 seconds .

========================================================================
Received Import Request.
  Time since last request: 823.823288 seconds.
  path: ProjectSettings/TagManager.asset
  artifactKey: Guid(00000000000000003000000000000000) Importer(815301076,1909f56bfc062723c751e8b465ee728b)
Start importing ProjectSettings/TagManager.asset using Guid(00000000000000003000000000000000) Importer(815301076,1909f56bfc062723c751e8b465ee728b)  -> (artifact id: '95df672b4aaba54310d34c83eef51bb8') in 2.769412 seconds 
  Import took 2.815125 seconds .

========================================================================
Received Import Request.
  Time since last request: 807.772610 seconds.
  path: Assets/Scenes/main.unity
  artifactKey: Guid(e37dfdabf8406491b93f0093b04eea2f) Importer(815301076,1909f56bfc062723c751e8b465ee728b)
Start importing Assets/Scenes/main.unity using Guid(e37dfdabf8406491b93f0093b04eea2f) Importer(815301076,1909f56bfc062723c751e8b465ee728b)  -> (artifact id: '6d3f70318c2c6e64e5f7bc3c546a0476') in 0.055640 seconds 
  Import took 0.155248 seconds .

========================================================================
Received Import Request.
  Time since last request: 1.358368 seconds.
  path: Assets/Scenes/SampleScene.unity
  artifactKey: Guid(2cda990e2423bbf4892e6590ba056729) Importer(815301076,1909f56bfc062723c751e8b465ee728b)
Start importing Assets/Scenes/SampleScene.unity using Guid(2cda990e2423bbf4892e6590ba056729) Importer(815301076,1909f56bfc062723c751e8b465ee728b)  -> (artifact id: 'b76afe7c2d9bf3a8fd5e8e3545e63bf3') in 0.022842 seconds 
  Import took 0.042285 seconds .

========================================================================
Received Prepare
Registering precompiled user dll's ...
Registered in 0.006830 seconds.
Begin MonoManager ReloadAssembly
Native extension for OSXStandalone target not found
Native extension for WebGL target not found
Refreshing native plugins compatible for Editor in 1.74 ms, found 3 plugins.
Preloading 0 native plugins for Editor in 0.00 ms.
Mono: successfully reloaded assembly
- Completed reload, in  3.986 seconds
Platform modules already initialized, skipping
Refreshing native plugins compatible for Editor in 0.58 ms, found 3 plugins.
Preloading 0 native plugins for Editor in 0.00 ms.
Unloading 2080 Unused Serialized files (Serialized files now loaded: 0)
System memory in use before: 186.0 MB.
System memory in use after: 186.0 MB.

Unloading 22 unused Assets to reduce memory usage. Loaded Objects now: 2537.
Total: 3.373952 ms (FindLiveObjects: 0.345015 ms CreateObjectMapping: 0.104277 ms MarkObjects: 2.763655 ms  DeleteObjects: 0.159438 ms)

AssetImportParameters requested are different than current active one (requested -> active):
  custom:video-decoder-ogg-theora: a1e56fd34408186e4bbccfd4996cb3dc -> 
  custom:container-muxer-webm: aa71ff27fc2769a1b78a27578f13a17b -> 
  custom:container-demuxer-webm: 4f35f7cbe854078d1ac9338744f61a02 -> 
  custom:container-demuxer-ogg: 62fdf1f143b41e24485cea50d1cbac27 -> 
  custom:video-encoder-webm-vp8: eb34c28f22e8b96e1ab97ce403110664 -> 
  custom:framework-osx-AVFoundation: e770b220cccbd017edd2c1fefb359320 -> 
  custom:video-decoder-webm-vp8: 9c59270c3fd7afecdb556c50c9e8de78 -> 
  custom:audio-decoder-ogg-vorbis: bf7c407c2cedff20999df2af8eb42d56 -> 
  custom:audio-encoder-webm-vorbis: bf7c407c2cedff20999df2af8eb42d56 -> 
========================================================================
Received Prepare
Registering precompiled user dll's ...
Registered in 0.012953 seconds.
Begin MonoManager ReloadAssembly
Native extension for OSXStandalone target not found
Native extension for WebGL target not found
Refreshing native plugins compatible for Editor in 1.50 ms, found 3 plugins.
Preloading 0 native plugins for Editor in 0.00 ms.
Mono: successfully reloaded assembly
- Completed reload, in  5.217 seconds
Platform modules already initialized, skipping
Refreshing native plugins compatible for Editor in 1.84 ms, found 3 plugins.
Preloading 0 native plugins for Editor in 0.00 ms.
Unloading 2080 Unused Serialized files (Serialized files now loaded: 0)
System memory in use before: 186.3 MB.
System memory in use after: 186.3 MB.

Unloading 21 unused Assets to reduce memory usage. Loaded Objects now: 2541.
Total: 4.774148 ms (FindLiveObjects: 0.530345 ms CreateObjectMapping: 0.362369 ms MarkObjects: 3.623319 ms  DeleteObjects: 0.256020 ms)

AssetImportParameters requested are different than current active one (requested -> active):
  custom:video-decoder-ogg-theora: a1e56fd34408186e4bbccfd4996cb3dc -> 
  custom:container-muxer-webm: aa71ff27fc2769a1b78a27578f13a17b -> 
  custom:container-demuxer-webm: 4f35f7cbe854078d1ac9338744f61a02 -> 
  custom:container-demuxer-ogg: 62fdf1f143b41e24485cea50d1cbac27 -> 
  custom:video-encoder-webm-vp8: eb34c28f22e8b96e1ab97ce403110664 -> 
  custom:framework-osx-AVFoundation: e770b220cccbd017edd2c1fefb359320 -> 
  custom:video-decoder-webm-vp8: 9c59270c3fd7afecdb556c50c9e8de78 -> 
  custom:audio-decoder-ogg-vorbis: bf7c407c2cedff20999df2af8eb42d56 -> 
  custom:audio-encoder-webm-vorbis: bf7c407c2cedff20999df2af8eb42d56 -> 
========================================================================
Received Prepare
Registering precompiled user dll's ...
Registered in 0.009915 seconds.
Begin MonoManager ReloadAssembly
Native extension for OSXStandalone target not found
Native extension for WebGL target not found
Refreshing native plugins compatible for Editor in 1.57 ms, found 3 plugins.
Preloading 0 native plugins for Editor in 0.00 ms.
Mono: successfully reloaded assembly
- Completed reload, in  3.405 seconds
Platform modules already initialized, skipping
Refreshing native plugins compatible for Editor in 1.12 ms, found 3 plugins.
Preloading 0 native plugins for Editor in 0.00 ms.
Unloading 2080 Unused Serialized files (Serialized files now loaded: 0)
System memory in use before: 186.6 MB.
System memory in use after: 186.5 MB.

Unloading 21 unused Assets to reduce memory usage. Loaded Objects now: 2545.
Total: 14.836970 ms (FindLiveObjects: 1.186600 ms CreateObjectMapping: 0.928066 ms MarkObjects: 12.214003 ms  DeleteObjects: 0.423484 ms)

AssetImportParameters requested are different than current active one (requested -> active):
  custom:video-decoder-ogg-theora: a1e56fd34408186e4bbccfd4996cb3dc -> 
  custom:container-muxer-webm: aa71ff27fc2769a1b78a27578f13a17b -> 
  custom:container-demuxer-webm: 4f35f7cbe854078d1ac9338744f61a02 -> 
  custom:container-demuxer-ogg: 62fdf1f143b41e24485cea50d1cbac27 -> 
  custom:video-encoder-webm-vp8: eb34c28f22e8b96e1ab97ce403110664 -> 
  custom:framework-osx-AVFoundation: e770b220cccbd017edd2c1fefb359320 -> 
  custom:video-decoder-webm-vp8: 9c59270c3fd7afecdb556c50c9e8de78 -> 
  custom:audio-decoder-ogg-vorbis: bf7c407c2cedff20999df2af8eb42d56 -> 
  custom:audio-encoder-webm-vorbis: bf7c407c2cedff20999df2af8eb42d56 -> 
========================================================================
Received Import Request.
  Time since last request: 2000.042336 seconds.
  path: Assets/Scripts/PlayerController.cs
  artifactKey: Guid(4d9b4d7751ae1451bb53f5415a6b0992) Importer(815301076,1909f56bfc062723c751e8b465ee728b)
Start importing Assets/Scripts/PlayerController.cs using Guid(4d9b4d7751ae1451bb53f5415a6b0992) Importer(815301076,1909f56bfc062723c751e8b465ee728b)  -> (artifact id: 'f308c191eca89eba3b6e1025fcae1194') in 1.838505 seconds 
  Import took 1.849090 seconds .

========================================================================
Received Prepare
Registering precompiled user dll's ...
Registered in 0.004193 seconds.
Begin MonoManager ReloadAssembly
Native extension for OSXStandalone target not found
Native extension for WebGL target not found
Refreshing native plugins compatible for Editor in 0.53 ms, found 3 plugins.
Preloading 0 native plugins for Editor in 0.00 ms.
Mono: successfully reloaded assembly
- Completed reload, in  4.318 seconds
Platform modules already initialized, skipping
Refreshing native plugins compatible for Editor in 0.59 ms, found 3 plugins.
Preloading 0 native plugins for Editor in 0.00 ms.
Unloading 2080 Unused Serialized files (Serialized files now loaded: 0)
System memory in use before: 191.0 MB.
System memory in use after: 191.0 MB.

Unloading 21 unused Assets to reduce memory usage. Loaded Objects now: 2549.
Total: 3.453562 ms (FindLiveObjects: 0.487170 ms CreateObjectMapping: 0.176687 ms MarkObjects: 2.609658 ms  DeleteObjects: 0.178610 ms)

AssetImportParameters requested are different than current active one (requested -> active):
  custom:video-decoder-ogg-theora: a1e56fd34408186e4bbccfd4996cb3dc -> 
  custom:container-muxer-webm: aa71ff27fc2769a1b78a27578f13a17b -> 
  custom:container-demuxer-webm: 4f35f7cbe854078d1ac9338744f61a02 -> 
  custom:container-demuxer-ogg: 62fdf1f143b41e24485cea50d1cbac27 -> 
  custom:video-encoder-webm-vp8: eb34c28f22e8b96e1ab97ce403110664 -> 
  custom:framework-osx-AVFoundation: e770b220cccbd017edd2c1fefb359320 -> 
  custom:video-decoder-webm-vp8: 9c59270c3fd7afecdb556c50c9e8de78 -> 
  custom:audio-decoder-ogg-vorbis: bf7c407c2cedff20999df2af8eb42d56 -> 
  custom:audio-encoder-webm-vorbis: bf7c407c2cedff20999df2af8eb42d56 -> 
========================================================================
Received Prepare
Registering precompiled user dll's ...
Registered in 0.004304 seconds.
Begin MonoManager ReloadAssembly
Native extension for OSXStandalone target not found
Native extension for WebGL target not found
Refreshing native plugins compatible for Editor in 0.61 ms, found 3 plugins.
Preloading 0 native plugins for Editor in 0.00 ms.
Mono: successfully reloaded assembly
- Completed reload, in  4.270 seconds
Platform modules already initialized, skipping
Refreshing native plugins compatible for Editor in 5.07 ms, found 3 plugins.
Preloading 0 native plugins for Editor in 0.00 ms.
Unloading 2080 Unused Serialized files (Serialized files now loaded: 0)
System memory in use before: 191.2 MB.
System memory in use after: 191.2 MB.

Unloading 21 unused Assets to reduce memory usage. Loaded Objects now: 2553.
Total: 6.136093 ms (FindLiveObjects: 0.587806 ms CreateObjectMapping: 0.389631 ms MarkObjects: 4.911389 ms  DeleteObjects: 0.244974 ms)

AssetImportParameters requested are different than current active one (requested -> active):
  custom:video-decoder-ogg-theora: a1e56fd34408186e4bbccfd4996cb3dc -> 
  custom:container-muxer-webm: aa71ff27fc2769a1b78a27578f13a17b -> 
  custom:container-demuxer-webm: 4f35f7cbe854078d1ac9338744f61a02 -> 
  custom:container-demuxer-ogg: 62fdf1f143b41e24485cea50d1cbac27 -> 
  custom:video-encoder-webm-vp8: eb34c28f22e8b96e1ab97ce403110664 -> 
  custom:framework-osx-AVFoundation: e770b220cccbd017edd2c1fefb359320 -> 
  custom:video-decoder-webm-vp8: 9c59270c3fd7afecdb556c50c9e8de78 -> 
  custom:audio-decoder-ogg-vorbis: bf7c407c2cedff20999df2af8eb42d56 -> 
  custom:audio-encoder-webm-vorbis: bf7c407c2cedff20999df2af8eb42d56 -> 
========================================================================
Received Prepare
Registering precompiled user dll's ...
Registered in 0.013574 seconds.
Begin MonoManager ReloadAssembly
Native extension for OSXStandalone target not found
Native extension for WebGL target not found
Refreshing native plugins compatible for Editor in 0.66 ms, found 3 plugins.
Preloading 0 native plugins for Editor in 0.00 ms.
Mono: successfully reloaded assembly
- Completed reload, in  3.343 seconds
Platform modules already initialized, skipping
Refreshing native plugins compatible for Editor in 0.63 ms, found 3 plugins.
Preloading 0 native plugins for Editor in 0.00 ms.
Unloading 2080 Unused Serialized files (Serialized files now loaded: 0)
System memory in use before: 191.4 MB.
System memory in use after: 191.4 MB.

Unloading 21 unused Assets to reduce memory usage. Loaded Objects now: 2557.
Total: 5.984788 ms (FindLiveObjects: 0.741133 ms CreateObjectMapping: 0.416530 ms MarkObjects: 4.348913 ms  DeleteObjects: 0.475294 ms)

AssetImportParameters requested are different than current active one (requested -> active):
  custom:video-decoder-ogg-theora: a1e56fd34408186e4bbccfd4996cb3dc -> 
  custom:container-muxer-webm: aa71ff27fc2769a1b78a27578f13a17b -> 
  custom:container-demuxer-webm: 4f35f7cbe854078d1ac9338744f61a02 -> 
  custom:container-demuxer-ogg: 62fdf1f143b41e24485cea50d1cbac27 -> 
  custom:video-encoder-webm-vp8: eb34c28f22e8b96e1ab97ce403110664 -> 
  custom:framework-osx-AVFoundation: e770b220cccbd017edd2c1fefb359320 -> 
  custom:video-decoder-webm-vp8: 9c59270c3fd7afecdb556c50c9e8de78 -> 
  custom:audio-decoder-ogg-vorbis: bf7c407c2cedff20999df2af8eb42d56 -> 
  custom:audio-encoder-webm-vorbis: bf7c407c2cedff20999df2af8eb42d56 -> 
========================================================================
Received Prepare
Registering precompiled user dll's ...
Registered in 0.004555 seconds.
Begin MonoManager ReloadAssembly
Native extension for OSXStandalone target not found
Native extension for WebGL target not found
Refreshing native plugins compatible for Editor in 0.62 ms, found 3 plugins.
Preloading 0 native plugins for Editor in 0.00 ms.
Mono: successfully reloaded assembly
- Completed reload, in  3.148 seconds
Platform modules already initialized, skipping
Refreshing native plugins compatible for Editor in 0.61 ms, found 3 plugins.
Preloading 0 native plugins for Editor in 0.00 ms.
Unloading 2080 Unused Serialized files (Serialized files now loaded: 0)
System memory in use before: 191.7 MB.
System memory in use after: 191.7 MB.

Unloading 21 unused Assets to reduce memory usage. Loaded Objects now: 2561.
Total: 3.452902 ms (FindLiveObjects: 0.339516 ms CreateObjectMapping: 0.171734 ms MarkObjects: 2.760065 ms  DeleteObjects: 0.179920 ms)

AssetImportParameters requested are different than current active one (requested -> active):
  custom:video-decoder-ogg-theora: a1e56fd34408186e4bbccfd4996cb3dc -> 
  custom:container-muxer-webm: aa71ff27fc2769a1b78a27578f13a17b -> 
  custom:container-demuxer-webm: 4f35f7cbe854078d1ac9338744f61a02 -> 
  custom:container-demuxer-ogg: 62fdf1f143b41e24485cea50d1cbac27 -> 
  custom:video-encoder-webm-vp8: eb34c28f22e8b96e1ab97ce403110664 -> 
  custom:framework-osx-AVFoundation: e770b220cccbd017edd2c1fefb359320 -> 
  custom:video-decoder-webm-vp8: 9c59270c3fd7afecdb556c50c9e8de78 -> 
  custom:audio-decoder-ogg-vorbis: bf7c407c2cedff20999df2af8eb42d56 -> 
  custom:audio-encoder-webm-vorbis: bf7c407c2cedff20999df2af8eb42d56 -> 
========================================================================
Received Prepare
Registering precompiled user dll's ...
Registered in 0.005034 seconds.
Begin MonoManager ReloadAssembly
Native extension for OSXStandalone target not found
Native extension for WebGL target not found
Refreshing native plugins compatible for Editor in 0.59 ms, found 3 plugins.
Preloading 0 native plugins for Editor in 0.00 ms.
Mono: successfully reloaded assembly
- Completed reload, in  2.388 seconds
Platform modules already initialized, skipping
Refreshing native plugins compatible for Editor in 0.55 ms, found 3 plugins.
Preloading 0 native plugins for Editor in 0.00 ms.
Unloading 2080 Unused Serialized files (Serialized files now loaded: 0)
System memory in use before: 191.9 MB.
System memory in use after: 191.9 MB.

Unloading 21 unused Assets to reduce memory usage. Loaded Objects now: 2565.
Total: 10.309499 ms (FindLiveObjects: 0.499003 ms CreateObjectMapping: 0.118344 ms MarkObjects: 9.431950 ms  DeleteObjects: 0.255565 ms)

AssetImportParameters requested are different than current active one (requested -> active):
  custom:video-decoder-ogg-theora: a1e56fd34408186e4bbccfd4996cb3dc -> 
  custom:container-muxer-webm: aa71ff27fc2769a1b78a27578f13a17b -> 
  custom:container-demuxer-webm: 4f35f7cbe854078d1ac9338744f61a02 -> 
  custom:container-demuxer-ogg: 62fdf1f143b41e24485cea50d1cbac27 -> 
  custom:video-encoder-webm-vp8: eb34c28f22e8b96e1ab97ce403110664 -> 
  custom:framework-osx-AVFoundation: e770b220cccbd017edd2c1fefb359320 -> 
  custom:video-decoder-webm-vp8: 9c59270c3fd7afecdb556c50c9e8de78 -> 
  custom:audio-decoder-ogg-vorbis: bf7c407c2cedff20999df2af8eb42d56 -> 
  custom:audio-encoder-webm-vorbis: bf7c407c2cedff20999df2af8eb42d56 -> 
========================================================================
Received Prepare
Registering precompiled user dll's ...
Registered in 0.005143 seconds.
Begin MonoManager ReloadAssembly
Native extension for OSXStandalone target not found
Native extension for WebGL target not found
Refreshing native plugins compatible for Editor in 0.54 ms, found 3 plugins.
Preloading 0 native plugins for Editor in 0.00 ms.
Mono: successfully reloaded assembly
- Completed reload, in  2.251 seconds
Platform modules already initialized, skipping
Refreshing native plugins compatible for Editor in 1.33 ms, found 3 plugins.
Preloading 0 native plugins for Editor in 0.00 ms.
Unloading 2080 Unused Serialized files (Serialized files now loaded: 0)
System memory in use before: 192.2 MB.
System memory in use after: 192.2 MB.

Unloading 21 unused Assets to reduce memory usage. Loaded Objects now: 2569.
Total: 21.040747 ms (FindLiveObjects: 0.572859 ms CreateObjectMapping: 0.141115 ms MarkObjects: 20.086938 ms  DeleteObjects: 0.234717 ms)

AssetImportParameters requested are different than current active one (requested -> active):
  custom:video-decoder-ogg-theora: a1e56fd34408186e4bbccfd4996cb3dc -> 
  custom:container-muxer-webm: aa71ff27fc2769a1b78a27578f13a17b -> 
  custom:container-demuxer-webm: 4f35f7cbe854078d1ac9338744f61a02 -> 
  custom:container-demuxer-ogg: 62fdf1f143b41e24485cea50d1cbac27 -> 
  custom:video-encoder-webm-vp8: eb34c28f22e8b96e1ab97ce403110664 -> 
  custom:framework-osx-AVFoundation: e770b220cccbd017edd2c1fefb359320 -> 
  custom:video-decoder-webm-vp8: 9c59270c3fd7afecdb556c50c9e8de78 -> 
  custom:audio-decoder-ogg-vorbis: bf7c407c2cedff20999df2af8eb42d56 -> 
  custom:audio-encoder-webm-vorbis: bf7c407c2cedff20999df2af8eb42d56 -> 
========================================================================
Received Prepare
Registering precompiled user dll's ...
Registered in 0.005841 seconds.
Begin MonoManager ReloadAssembly
Native extension for OSXStandalone target not found
Native extension for WebGL target not found
Refreshing native plugins compatible for Editor in 0.59 ms, found 3 plugins.
Preloading 0 native plugins for Editor in 0.00 ms.
Mono: successfully reloaded assembly
- Completed reload, in  2.977 seconds
Platform modules already initialized, skipping
Refreshing native plugins compatible for Editor in 0.60 ms, found 3 plugins.
Preloading 0 native plugins for Editor in 0.00 ms.
Unloading 2080 Unused Serialized files (Serialized files now loaded: 0)
System memory in use before: 192.4 MB.
System memory in use after: 192.4 MB.

Unloading 21 unused Assets to reduce memory usage. Loaded Objects now: 2573.
Total: 10.712742 ms (FindLiveObjects: 0.391045 ms CreateObjectMapping: 0.103195 ms MarkObjects: 9.981187 ms  DeleteObjects: 0.233695 ms)

AssetImportParameters requested are different than current active one (requested -> active):
  custom:video-decoder-ogg-theora: a1e56fd34408186e4bbccfd4996cb3dc -> 
  custom:container-muxer-webm: aa71ff27fc2769a1b78a27578f13a17b -> 
  custom:container-demuxer-webm: 4f35f7cbe854078d1ac9338744f61a02 -> 
  custom:container-demuxer-ogg: 62fdf1f143b41e24485cea50d1cbac27 -> 
  custom:video-encoder-webm-vp8: eb34c28f22e8b96e1ab97ce403110664 -> 
  custom:framework-osx-AVFoundation: e770b220cccbd017edd2c1fefb359320 -> 
  custom:video-decoder-webm-vp8: 9c59270c3fd7afecdb556c50c9e8de78 -> 
  custom:audio-decoder-ogg-vorbis: bf7c407c2cedff20999df2af8eb42d56 -> 
  custom:audio-encoder-webm-vorbis: bf7c407c2cedff20999df2af8eb42d56 -> 
========================================================================
Received Prepare
Registering precompiled user dll's ...
Registered in 0.013810 seconds.
Begin MonoManager ReloadAssembly
Native extension for OSXStandalone target not found
Native extension for WebGL target not found
Refreshing native plugins compatible for Editor in 0.61 ms, found 3 plugins.
Preloading 0 native plugins for Editor in 0.00 ms.
Mono: successfully reloaded assembly
- Completed reload, in  2.229 seconds
Platform modules already initialized, skipping
Refreshing native plugins compatible for Editor in 0.52 ms, found 3 plugins.
Preloading 0 native plugins for Editor in 0.00 ms.
Unloading 2080 Unused Serialized files (Serialized files now loaded: 0)
System memory in use before: 192.6 MB.
System memory in use after: 192.6 MB.

Unloading 21 unused Assets to reduce memory usage. Loaded Objects now: 2577.
Total: 3.408622 ms (FindLiveObjects: 0.257853 ms CreateObjectMapping: 0.106517 ms MarkObjects: 2.881298 ms  DeleteObjects: 0.161294 ms)

AssetImportParameters requested are different than current active one (requested -> active):
  custom:video-decoder-ogg-theora: a1e56fd34408186e4bbccfd4996cb3dc -> 
  custom:container-muxer-webm: aa71ff27fc2769a1b78a27578f13a17b -> 
  custom:container-demuxer-webm: 4f35f7cbe854078d1ac9338744f61a02 -> 
  custom:container-demuxer-ogg: 62fdf1f143b41e24485cea50d1cbac27 -> 
  custom:video-encoder-webm-vp8: eb34c28f22e8b96e1ab97ce403110664 -> 
  custom:framework-osx-AVFoundation: e770b220cccbd017edd2c1fefb359320 -> 
  custom:video-decoder-webm-vp8: 9c59270c3fd7afecdb556c50c9e8de78 -> 
  custom:audio-decoder-ogg-vorbis: bf7c407c2cedff20999df2af8eb42d56 -> 
  custom:audio-encoder-webm-vorbis: bf7c407c2cedff20999df2af8eb42d56 -> 
========================================================================
Received Prepare
Registering precompiled user dll's ...
Registered in 0.004863 seconds.
Begin MonoManager ReloadAssembly
Native extension for OSXStandalone target not found
Native extension for WebGL target not found
Refreshing native plugins compatible for Editor in 0.53 ms, found 3 plugins.
Preloading 0 native plugins for Editor in 0.00 ms.
Mono: successfully reloaded assembly
- Completed reload, in  2.682 seconds
Platform modules already initialized, skipping
Refreshing native plugins compatible for Editor in 0.74 ms, found 3 plugins.
Preloading 0 native plugins for Editor in 0.00 ms.
Unloading 2080 Unused Serialized files (Serialized files now loaded: 0)
System memory in use before: 192.8 MB.
System memory in use after: 192.8 MB.

Unloading 21 unused Assets to reduce memory usage. Loaded Objects now: 2581.
Total: 3.469166 ms (FindLiveObjects: 0.382735 ms CreateObjectMapping: 0.096744 ms MarkObjects: 2.796252 ms  DeleteObjects: 0.191876 ms)

AssetImportParameters requested are different than current active one (requested -> active):
  custom:video-decoder-ogg-theora: a1e56fd34408186e4bbccfd4996cb3dc -> 
  custom:container-muxer-webm: aa71ff27fc2769a1b78a27578f13a17b -> 
  custom:container-demuxer-webm: 4f35f7cbe854078d1ac9338744f61a02 -> 
  custom:container-demuxer-ogg: 62fdf1f143b41e24485cea50d1cbac27 -> 
  custom:video-encoder-webm-vp8: eb34c28f22e8b96e1ab97ce403110664 -> 
  custom:framework-osx-AVFoundation: e770b220cccbd017edd2c1fefb359320 -> 
  custom:video-decoder-webm-vp8: 9c59270c3fd7afecdb556c50c9e8de78 -> 
  custom:audio-decoder-ogg-vorbis: bf7c407c2cedff20999df2af8eb42d56 -> 
  custom:audio-encoder-webm-vorbis: bf7c407c2cedff20999df2af8eb42d56 -> 
========================================================================
Received Prepare
Registering precompiled user dll's ...
Registered in 0.008696 seconds.
Begin MonoManager ReloadAssembly
Native extension for OSXStandalone target not found
Native extension for WebGL target not found
Refreshing native plugins compatible for Editor in 0.67 ms, found 3 plugins.
Preloading 0 native plugins for Editor in 0.00 ms.
Mono: successfully reloaded assembly
- Completed reload, in  3.308 seconds
Platform modules already initialized, skipping
Refreshing native plugins compatible for Editor in 0.58 ms, found 3 plugins.
Preloading 0 native plugins for Editor in 0.00 ms.
Unloading 2080 Unused Serialized files (Serialized files now loaded: 0)
System memory in use before: 193.0 MB.
System memory in use after: 193.0 MB.

Unloading 21 unused Assets to reduce memory usage. Loaded Objects now: 2585.
Total: 4.713467 ms (FindLiveObjects: 0.396659 ms CreateObjectMapping: 0.117513 ms MarkObjects: 3.957488 ms  DeleteObjects: 0.240373 ms)

AssetImportParameters requested are different than current active one (requested -> active):
  custom:video-decoder-ogg-theora: a1e56fd34408186e4bbccfd4996cb3dc -> 
  custom:container-muxer-webm: aa71ff27fc2769a1b78a27578f13a17b -> 
  custom:container-demuxer-webm: 4f35f7cbe854078d1ac9338744f61a02 -> 
  custom:container-demuxer-ogg: 62fdf1f143b41e24485cea50d1cbac27 -> 
  custom:video-encoder-webm-vp8: eb34c28f22e8b96e1ab97ce403110664 -> 
  custom:framework-osx-AVFoundation: e770b220cccbd017edd2c1fefb359320 -> 
  custom:video-decoder-webm-vp8: 9c59270c3fd7afecdb556c50c9e8de78 -> 
  custom:audio-decoder-ogg-vorbis: bf7c407c2cedff20999df2af8eb42d56 -> 
  custom:audio-encoder-webm-vorbis: bf7c407c2cedff20999df2af8eb42d56 -> 
========================================================================
Received Prepare
Registering precompiled user dll's ...
Registered in 0.004521 seconds.
Begin MonoManager ReloadAssembly
Native extension for OSXStandalone target not found
Native extension for WebGL target not found
Refreshing native plugins compatible for Editor in 0.98 ms, found 3 plugins.
Preloading 0 native plugins for Editor in 0.00 ms.
Mono: successfully reloaded assembly
- Completed reload, in  2.938 seconds
Platform modules already initialized, skipping
Refreshing native plugins compatible for Editor in 0.56 ms, found 3 plugins.
Preloading 0 native plugins for Editor in 0.00 ms.
Unloading 2080 Unused Serialized files (Serialized files now loaded: 0)
System memory in use before: 193.2 MB.
System memory in use after: 193.2 MB.

Unloading 21 unused Assets to reduce memory usage. Loaded Objects now: 2589.
Total: 3.071726 ms (FindLiveObjects: 0.233721 ms CreateObjectMapping: 0.090734 ms MarkObjects: 2.588156 ms  DeleteObjects: 0.157710 ms)

AssetImportParameters requested are different than current active one (requested -> active):
  custom:video-decoder-ogg-theora: a1e56fd34408186e4bbccfd4996cb3dc -> 
  custom:container-muxer-webm: aa71ff27fc2769a1b78a27578f13a17b -> 
  custom:container-demuxer-webm: 4f35f7cbe854078d1ac9338744f61a02 -> 
  custom:container-demuxer-ogg: 62fdf1f143b41e24485cea50d1cbac27 -> 
  custom:video-encoder-webm-vp8: eb34c28f22e8b96e1ab97ce403110664 -> 
  custom:framework-osx-AVFoundation: e770b220cccbd017edd2c1fefb359320 -> 
  custom:video-decoder-webm-vp8: 9c59270c3fd7afecdb556c50c9e8de78 -> 
  custom:audio-decoder-ogg-vorbis: bf7c407c2cedff20999df2af8eb42d56 -> 
  custom:audio-encoder-webm-vorbis: bf7c407c2cedff20999df2af8eb42d56 -> 
========================================================================
Received Prepare
Registering precompiled user dll's ...
Registered in 0.003693 seconds.
Begin MonoManager ReloadAssembly
Native extension for OSXStandalone target not found
Native extension for WebGL target not found
Refreshing native plugins compatible for Editor in 37.68 ms, found 3 plugins.
Preloading 0 native plugins for Editor in 0.00 ms.
Mono: successfully reloaded assembly
- Completed reload, in  9.401 seconds
Platform modules already initialized, skipping
Refreshing native plugins compatible for Editor in 0.60 ms, found 3 plugins.
Preloading 0 native plugins for Editor in 0.00 ms.
Unloading 2080 Unused Serialized files (Serialized files now loaded: 0)
System memory in use before: 193.4 MB.
System memory in use after: 193.4 MB.

Unloading 21 unused Assets to reduce memory usage. Loaded Objects now: 2593.
Total: 4.576113 ms (FindLiveObjects: 0.588016 ms CreateObjectMapping: 0.217820 ms MarkObjects: 3.476774 ms  DeleteObjects: 0.289416 ms)

AssetImportParameters requested are different than current active one (requested -> active):
  custom:video-decoder-ogg-theora: a1e56fd34408186e4bbccfd4996cb3dc -> 
  custom:container-muxer-webm: aa71ff27fc2769a1b78a27578f13a17b -> 
  custom:container-demuxer-webm: 4f35f7cbe854078d1ac9338744f61a02 -> 
  custom:container-demuxer-ogg: 62fdf1f143b41e24485cea50d1cbac27 -> 
  custom:video-encoder-webm-vp8: eb34c28f22e8b96e1ab97ce403110664 -> 
  custom:framework-osx-AVFoundation: e770b220cccbd017edd2c1fefb359320 -> 
  custom:video-decoder-webm-vp8: 9c59270c3fd7afecdb556c50c9e8de78 -> 
  custom:audio-decoder-ogg-vorbis: bf7c407c2cedff20999df2af8eb42d56 -> 
  custom:audio-encoder-webm-vorbis: bf7c407c2cedff20999df2af8eb42d56 -> 
